[17:48:51] [main/INFO]: Environment: authHost='https://authserver.mojang.com', accountsHost='https://api.mojang.com', sessionHost='https://sessionserver.mojang.com', servicesHost='https://api.minecraftservices.com', name='PROD'
[17:48:52] [main/WARN]: Ambiguity between arguments [teleport, location] and [teleport, destination] with inputs: [0.1 -0.5 .9, 0 0 0]
[17:48:52] [main/WARN]: Ambiguity between arguments [teleport, location] and [teleport, targets] with inputs: [0.1 -0.5 .9, 0 0 0]
[17:48:52] [main/WARN]: Ambiguity between arguments [teleport, destination] and [teleport, targets] with inputs: [Player, 0123, @e, dd12be42-52a9-4a91-a8a1-11c01849e498]
[17:48:52] [main/WARN]: Ambiguity between arguments [teleport, targets] and [teleport, destination] with inputs: [Player, 0123, dd12be42-52a9-4a91-a8a1-11c01849e498]
[17:48:52] [main/WARN]: Ambiguity between arguments [teleport, targets, location] and [teleport, targets, destination] with inputs: [0.1 -0.5 .9, 0 0 0]
[17:48:52] [main/INFO]: Reloading ResourceManager: Default
[17:48:54] [Worker-Main-10/INFO]: Loaded 7 recipes
[17:48:54] [Worker-Main-10/INFO]: Loaded 1137 advancements
[17:48:55] [Server thread/INFO]: Starting minecraft server version 1.17
[17:48:55] [Server thread/INFO]: Loading properties
[17:48:55] [Server thread/INFO]: Default game type: SURVIVAL
[17:48:55] [Server thread/INFO]: Generating keypair
[17:48:55] [Server thread/INFO]: Starting Minecraft server on *:25565
[17:48:55] [Server thread/INFO]: Using epoll channel type
[17:48:56] [Server thread/WARN]: **** SERVER IS RUNNING IN OFFLINE/INSECURE MODE!
[17:48:56] [Server thread/WARN]: The server will make no attempt to authenticate usernames. Beware.
[17:48:56] [Server thread/WARN]: While this makes the game possible to play without internet access, it also opens up the ability for hackers to connect with any username they choose.
[17:48:56] [Server thread/WARN]: To change this, set "online-mode" to "true" in the server.properties file.
[17:48:56] [Server thread/INFO]: Preparing level "world"
[17:48:56] [Server thread/INFO]: Preparing start region for dimension minecraft:overworld
[17:48:56] [Worker-Main-13/INFO]: Preparing spawn area: 0%
[17:48:56] [Worker-Main-8/INFO]: Preparing spawn area: 0%
[17:48:57] [Worker-Main-9/INFO]: Preparing spawn area: 0%
[17:48:57] [Worker-Main-11/INFO]: Preparing spawn area: 0%
[17:48:58] [Worker-Main-11/INFO]: Preparing spawn area: 6%
[17:48:58] [Worker-Main-10/INFO]: Preparing spawn area: 11%
[17:48:59] [Worker-Main-9/INFO]: Preparing spawn area: 34%
[17:48:59] [Worker-Main-14/INFO]: Preparing spawn area: 49%
[17:49:00] [Worker-Main-12/INFO]: Preparing spawn area: 76%
[17:49:01] [Server thread/INFO]: Time elapsed: 4706 ms
[17:49:01] [Server thread/INFO]: Done (4.894s)! For help, type "help"
